Started at Mon Nov 08 14:44:47 UTC 2021
Processing ansible-test
Offering ansible-test to Project Build Discarder
Processing ansible-users-db
Offering ansible-users-db to Project Build Discarder
Processing ansible-users-db-dsl
Offering ansible-users-db-dsl to Project Build Discarder
Processing backup-to-aws
Offering backup-to-aws to Project Build Discarder
Processing ENV
Offering ENV to Project Build Discarder
Processing job-dsl
Offering job-dsl to Project Build Discarder
Processing job_dsl_example
Offering job_dsl_example to Project Build Discarder
Processing maven-job
Offering maven-job to Project Build Discarder
Processing maven_dsl
Offering maven_dsl to Project Build Discarder
Processing my-first-job
Offering my-first-job to Project Build Discarder
Processing pipeline
Offering pipeline to Project Build Discarder
Processing pipeline-docker-maven
Offering pipeline-docker-maven to Project Build Discarder
Finished at Mon Nov 08 14:44:47 UTC 2021. 1ms
